\\PSF\HOME\DOCUMENTS\GITHUB\PSF\DCPICKER\DCPICKER\DEBUG\DCPICKER.PCH
\\PSF\HOME\DOCUMENTS\GITHUB\PSF\DCPICKER\DCPICKER\DEBUG\STDAFX.OBJ
\\PSF\HOME\DOCUMENTS\GITHUB\PSF\DCPICKER\DCPICKER\DEBUG\VC110.PDB
\\PSF\HOME\DOCUMENTS\GITHUB\PSF\DCPICKER\DCPICKER\DEBUG\DCPICKERDOC.OBJ
\\PSF\HOME\DOCUMENTS\GITHUB\PSF\DCPICKER\DCPICKER\DEBUG\DCPICKER.OBJ
\\PSF\HOME\DOCUMENTS\GITHUB\PSF\DCPICKER\DCPICKER\DEBUG\DCPICKERVIEW.OBJ
\\PSF\HOME\DOCUMENTS\GITHUB\PSF\DCPICKER\DEBUG\DCPICKER.ILK
\\PSF\HOME\DOCUMENTS\GITHUB\PSF\DCPICKER\DEBUG\DCPICKER.EXE
\\PSF\HOME\DOCUMENTS\GITHUB\PSF\DCPICKER\DEBUG\DCPICKER.PDB
\\PSF\HOME\DOCUMENTS\GITHUB\PSF\DCPICKER\DCPICKER\DEBUG\DCPICKER.RES
\\psf\Home\Documents\GitHub\psf\DCPicker\DCPicker\Debug\ChildFrm.obj
\\psf\Home\Documents\GitHub\psf\DCPicker\DCPicker\Debug\ClassView.obj
\\psf\Home\Documents\GitHub\psf\DCPicker\DCPicker\Debug\DCPicker.obj
\\psf\Home\Documents\GitHub\psf\DCPicker\DCPicker\Debug\DCPickerDoc.obj
\\psf\Home\Documents\GitHub\psf\DCPicker\DCPicker\Debug\DCPickerView.obj
\\psf\Home\Documents\GitHub\psf\DCPicker\DCPicker\Debug\FileView.obj
\\psf\Home\Documents\GitHub\psf\DCPicker\DCPicker\Debug\MainFrm.obj
\\psf\Home\Documents\GitHub\psf\DCPicker\DCPicker\Debug\OutputWnd.obj
\\psf\Home\Documents\GitHub\psf\DCPicker\DCPicker\Debug\PropertiesWnd.obj
\\psf\Home\Documents\GitHub\psf\DCPicker\DCPicker\Debug\stdafx.obj
\\psf\Home\Documents\GitHub\psf\DCPicker\DCPicker\Debug\ViewTree.obj
\\psf\Home\Documents\GitHub\psf\DCPicker\DCPicker\Debug\cl.command.1.tlog
\\psf\Home\Documents\GitHub\psf\DCPicker\DCPicker\Debug\cl.read.1.tlog
\\psf\Home\Documents\GitHub\psf\DCPicker\DCPicker\Debug\cl.write.1.tlog
\\psf\Home\Documents\GitHub\psf\DCPicker\DCPicker\Debug\link-cvtres.read.1.tlog
\\psf\Home\Documents\GitHub\psf\DCPicker\DCPicker\Debug\link-cvtres.write.1.tlog
\\psf\Home\Documents\GitHub\psf\DCPicker\DCPicker\Debug\link-mt.read.1.tlog
\\psf\Home\Documents\GitHub\psf\DCPicker\DCPicker\Debug\link-mt.write.1.tlog
\\psf\Home\Documents\GitHub\psf\DCPicker\DCPicker\Debug\link-rc.read.1.tlog
\\psf\Home\Documents\GitHub\psf\DCPicker\DCPicker\Debug\link-rc.write.1.tlog
\\psf\Home\Documents\GitHub\psf\DCPicker\DCPicker\Debug\link.2804-cvtres.read.1.tlog
\\psf\Home\Documents\GitHub\psf\DCPicker\DCPicker\Debug\link.2804-cvtres.write.1.tlog
\\psf\Home\Documents\GitHub\psf\DCPicker\DCPicker\Debug\link.2804-mt.read.1.tlog
\\psf\Home\Documents\GitHub\psf\DCPicker\DCPicker\Debug\link.2804-mt.write.1.tlog
\\psf\Home\Documents\GitHub\psf\DCPicker\DCPicker\Debug\link.2804-rc.read.1.tlog
\\psf\Home\Documents\GitHub\psf\DCPicker\DCPicker\Debug\link.2804-rc.write.1.tlog
\\psf\Home\Documents\GitHub\psf\DCPicker\DCPicker\Debug\link.2804.read.1.tlog
\\psf\Home\Documents\GitHub\psf\DCPicker\DCPicker\Debug\link.2804.write.1.tlog
\\psf\Home\Documents\GitHub\psf\DCPicker\DCPicker\Debug\link.command.1.tlog
\\psf\Home\Documents\GitHub\psf\DCPicker\DCPicker\Debug\link.read.1.tlog
\\psf\Home\Documents\GitHub\psf\DCPicker\DCPicker\Debug\link.write.1.tlog
\\psf\Home\Documents\GitHub\psf\DCPicker\DCPicker\Debug\rc.command.1.tlog
\\psf\Home\Documents\GitHub\psf\DCPicker\DCPicker\Debug\rc.read.1.tlog
\\psf\Home\Documents\GitHub\psf\DCPicker\DCPicker\Debug\rc.write.1.tlog
\\psf\Home\Documents\GitHub\psf\DCPicker\DCPicker\Debug\DCPicker.res
\\psf\Home\Documents\GitHub\psf\DCPicker\DCPicker\Debug\DCPicker.pch
\\psf\Home\Documents\GitHub\psf\DCPicker\DCPicker\Debug\vc110.idb
\\psf\Home\Documents\GitHub\psf\DCPicker\DCPicker\Debug\vc110.pdb
\\psf\Home\Documents\GitHub\psf\DCPicker\Debug\DCPicker.pdb
\\psf\Home\Documents\GitHub\psf\DCPicker\Debug\DCPicker.exe
\\psf\Home\Documents\GitHub\psf\DCPicker\Debug\DCPicker.ilk
